lib.copp:6:18: error: expected expression
      User { name: }
                   ^
lib.copp:9:1: error: expected symbol
  
