main.bin.coppice: error: build mode does not support this program yet
main.bin.coppice: error: build mode does not support this expression yet (line 2, column 10)
